This is pdfTeX, Version 3.14159265-2.6-1.40.20 (MiKTeX 2.9.7050 64-bit) (preloaded format=pdflatex 2019.7.8)  10 JUL 2019 16:57
entering extended mode
**./Problem_2.tex
(Problem_2.tex
LaTeX2e <2018-12-01>

("C:\Users\Sanchit Kumar\AppData\Local\Programs\MiKTeX 2.9\tex/latex/koma-scrip
t\scrreprt.cls"
Document Class: scrreprt 2019/02/01 v3.26b KOMA-Script document class (report)

("C:\Users\Sanchit Kumar\AppData\Local\Programs\MiKTeX 2.9\tex/latex/koma-scrip
t\scrkbase.sty"
Package: scrkbase 2019/02/01 v3.26b KOMA-Script package (KOMA-Script-dependent 
basics and keyval usage)

("C:\Users\Sanchit Kumar\AppData\Local\Programs\MiKTeX 2.9\tex/latex/koma-scrip
t\scrbase.sty"
Package: scrbase 2019/02/01 v3.26b KOMA-Script package (KOMA-Script-independent
 basics and keyval usage)

("C:\Users\Sanchit Kumar\AppData\Local\Programs\MiKTeX 2.9\tex/latex/graphics\k
eyval.sty"
Package: keyval 2014/10/28 v1.15 key=value parser (DPC)
\KV@toks@=\toks14
)
("C:\Users\Sanchit Kumar\AppData\Local\Programs\MiKTeX 2.9\tex/latex/koma-scrip
t\scrlfile.sty"
Package: scrlfile 2019/02/01 v3.26b KOMA-Script package (loading files)
)))
("C:\Users\Sanchit Kumar\AppData\Local\Programs\MiKTeX 2.9\tex/latex/koma-scrip
t\tocbasic.sty"
Package: tocbasic 2019/02/01 v3.26b KOMA-Script package (handling toc-files)
\scr@dte@tocline@numberwidth=\skip41
\scr@dte@tocline@numbox=\box27
)
Package tocbasic Info: omitting babel extension for `toc'
(tocbasic)             because of feature `nobabel' available
(tocbasic)             for `toc' on input line 136.
Package scrreprt Info: You've used standard option `12pt'.
(scrreprt)             This is correct!
(scrreprt)             Internally I'm using `fontsize=12pt'.
(scrreprt)             If you'd like to set the option with \KOMAoptions,
(scrreprt)             you'd have to use `fontsize=12pt' there
(scrreprt)             instead of `12pt', too.
Class scrreprt Info: File `scrsize12pt.clo' used to setup font sizes on input l
ine 2373.

("C:\Users\Sanchit Kumar\AppData\Local\Programs\MiKTeX 2.9\tex/latex/koma-scrip
t\scrsize12pt.clo"
File: scrsize12pt.clo 2019/02/01 v3.26b KOMA-Script font size class option (12p
t)
)
("C:\Users\Sanchit Kumar\AppData\Local\Programs\MiKTeX 2.9\tex/latex/koma-scrip
t\typearea.sty"
Package: typearea 2019/02/01 v3.26b KOMA-Script package (type area)
\ta@bcor=\skip42
\ta@div=\count80
Package typearea Info: You've used standard option `a4paper'.
(typearea)             This is correct!
(typearea)             Internally I'm using `paper=a4'.
(typearea)             If you'd like to set the option with \KOMAoptions,
(typearea)             you'd have to use `paper=a4' there
(typearea)             instead of `a4paper', too.
\ta@hblk=\skip43
\ta@vblk=\skip44
\ta@temp=\skip45
\footheight=\skip46
Package typearea Info: These are the values describing the layout:
(typearea)             DIV  = 12
(typearea)             BCOR = 0.0pt
(typearea)             \paperwidth      = 597.50793pt
(typearea)              \textwidth      = 448.13095pt
(typearea)              DIV departure   = -6%
(typearea)              \evensidemargin = 2.4185pt
(typearea)              \oddsidemargin  = 2.4185pt
(typearea)             \paperheight     = 845.04694pt
(typearea)              \textheight     = 635.5pt
(typearea)              \topmargin      = -41.72441pt
(typearea)              \headheight     = 18.125pt
(typearea)              \headsep        = 21.75pt
(typearea)              \topskip        = 12.0pt
(typearea)              \footskip       = 50.75pt
(typearea)              \baselineskip   = 14.5pt
(typearea)              on input line 1715.
)
\c@part=\count81
\c@chapter=\count82
\c@section=\count83
\c@subsection=\count84
\c@subsubsection=\count85
\c@paragraph=\count86
\c@subparagraph=\count87
\scr@dte@chapter@maxnumwidth=\skip47
Class scrreprt Info: using compatibility default `afterindent=bysign'
(scrreprt)           for `\chapter on input line 5305.
\scr@dte@section@maxnumwidth=\skip48
Class scrreprt Info: using compatibility default `runin=bysign'
(scrreprt)           for `\section on input line 5315.
Class scrreprt Info: using compatibility default `afterindent=bysign'
(scrreprt)           for `\section on input line 5315.
\scr@dte@part@maxnumwidth=\skip49
Class scrreprt Info: using compatibility default `afterindent=true'
(scrreprt)           for `\part on input line 5324.
\scr@dte@subsection@maxnumwidth=\skip50
Class scrreprt Info: using compatibility default `runin=bysign'
(scrreprt)           for `\subsection on input line 5334.
Class scrreprt Info: using compatibility default `afterindent=bysign'
(scrreprt)           for `\subsection on input line 5334.
\scr@dte@subsubsection@maxnumwidth=\skip51
Class scrreprt Info: using compatibility default `runin=bysign'
(scrreprt)           for `\subsubsection on input line 5344.
Class scrreprt Info: using compatibility default `afterindent=bysign'
(scrreprt)           for `\subsubsection on input line 5344.
\scr@dte@paragraph@maxnumwidth=\skip52
Class scrreprt Info: using compatibility default `runin=bysign'
(scrreprt)           for `\paragraph on input line 5354.
Class scrreprt Info: using compatibility default `afterindent=bysign'
(scrreprt)           for `\paragraph on input line 5354.
\scr@dte@subparagraph@maxnumwidth=\skip53
Class scrreprt Info: using compatibility default `runin=bysign'
(scrreprt)           for `\subparagraph on input line 5364.
Class scrreprt Info: using compatibility default `afterindent=bysign'
(scrreprt)           for `\subparagraph on input line 5364.
\abovecaptionskip=\skip54
\belowcaptionskip=\skip55
\c@pti@nb@sid@b@x=\box28
Package tocbasic Info: omitting babel extension for `lof'
(tocbasic)             because of feature `nobabel' available
(tocbasic)             for `lof' on input line 6613.
\scr@dte@figure@maxnumwidth=\skip56
\c@figure=\count88
Package tocbasic Info: omitting babel extension for `lot'
(tocbasic)             because of feature `nobabel' available
(tocbasic)             for `lot' on input line 6630.
\scr@dte@table@maxnumwidth=\skip57
\c@table=\count89
Class scrreprt Info: Redefining `\numberline' on input line 6799.
\bibindent=\dimen102
)
("C:\Users\Sanchit Kumar\AppData\Local\Programs\MiKTeX 2.9\tex/latex/hyperref\h
yperref.sty"
Package: hyperref 2018/11/30 v6.88e Hypertext links for LaTeX

("C:\Users\Sanchit Kumar\AppData\Local\Programs\MiKTeX 2.9\tex/generic/oberdiek
\hobsub-hyperref.sty"
Package: hobsub-hyperref 2016/05/16 v1.14 Bundle oberdiek, subset hyperref (HO)


("C:\Users\Sanchit Kumar\AppData\Local\Programs\MiKTeX 2.9\tex/generic/oberdiek
\hobsub-generic.sty"
Package: hobsub-generic 2016/05/16 v1.14 Bundle oberdiek, subset generic (HO)
Package: hobsub 2016/05/16 v1.14 Construct package bundles (HO)
Package: infwarerr 2016/05/16 v1.4 Providing info/warning/error messages (HO)
Package: ltxcmds 2016/05/16 v1.23 LaTeX kernel commands for general use (HO)
Package: ifluatex 2016/05/16 v1.4 Provides the ifluatex switch (HO)
Package ifluatex Info: LuaTeX not detected.
Package: ifvtex 2016/05/16 v1.6 Detect VTeX and its facilities (HO)
Package ifvtex Info: VTeX not detected.
Package: intcalc 2016/05/16 v1.2 Expandable calculations with integers (HO)
Package: ifpdf 2018/09/07 v3.3 Provides the ifpdf switch
Package: etexcmds 2016/05/16 v1.6 Avoid name clashes with e-TeX commands (HO)
Package: kvsetkeys 2016/05/16 v1.17 Key value parser (HO)
Package: kvdefinekeys 2016/05/16 v1.4 Define keys (HO)
Package: pdftexcmds 2018/09/10 v0.29 Utility functions of pdfTeX for LuaTeX (HO
)
Package pdftexcmds Info: LuaTeX not detected.
Package pdftexcmds Info: \pdf@primitive is available.
Package pdftexcmds Info: \pdf@ifprimitive is available.
Package pdftexcmds Info: \pdfdraftmode found.
Package: pdfescape 2016/05/16 v1.14 Implements pdfTeX's escape features (HO)
Package: bigintcalc 2016/05/16 v1.4 Expandable calculations on big integers (HO
)
Package: bitset 2016/05/16 v1.2 Handle bit-vector datatype (HO)
Package: uniquecounter 2016/05/16 v1.3 Provide unlimited unique counter (HO)
)
Package hobsub Info: Skipping package `hobsub' (already loaded).
Package: letltxmacro 2016/05/16 v1.5 Let assignment for LaTeX macros (HO)
Package: hopatch 2016/05/16 v1.3 Wrapper for package hooks (HO)
Package: xcolor-patch 2016/05/16 xcolor patch
Package: atveryend 2016/05/16 v1.9 Hooks at the very end of document (HO)
Package atveryend Info: \enddocument detected (standard20110627).
Package: atbegshi 2016/06/09 v1.18 At begin shipout hook (HO)
Package: refcount 2016/05/16 v3.5 Data extraction from label references (HO)
Package: hycolor 2016/05/16 v1.8 Color options for hyperref/bookmark (HO)
)
("C:\Users\Sanchit Kumar\AppData\Local\Programs\MiKTeX 2.9\tex/generic/ifxetex\
ifxetex.sty"
Package: ifxetex 2010/09/12 v0.6 Provides ifxetex conditional
)
("C:\Users\Sanchit Kumar\AppData\Local\Programs\MiKTeX 2.9\tex/latex/oberdiek\a
uxhook.sty"
Package: auxhook 2016/05/16 v1.4 Hooks for auxiliary files (HO)
)
("C:\Users\Sanchit Kumar\AppData\Local\Programs\MiKTeX 2.9\tex/latex/oberdiek\k
voptions.sty"
Package: kvoptions 2016/05/16 v3.12 Key value format for package options (HO)
)
\@linkdim=\dimen103
\Hy@linkcounter=\count90
\Hy@pagecounter=\count91

("C:\Users\Sanchit Kumar\AppData\Local\Programs\MiKTeX 2.9\tex/latex/hyperref\p
d1enc.def"
File: pd1enc.def 2018/11/30 v6.88e Hyperref: PDFDocEncoding definition (HO)
Now handling font encoding PD1 ...
... no UTF-8 mapping file for font encoding PD1
)
\Hy@SavedSpaceFactor=\count92

("C:\Users\Sanchit Kumar\AppData\Local\Programs\MiKTeX 2.9\tex/latex/00miktex\h
yperref.cfg"
File: hyperref.cfg 2002/06/06 v1.2 hyperref configuration of TeXLive
)
Package hyperref Info: Hyper figures OFF on input line 4519.
Package hyperref Info: Link nesting OFF on input line 4524.
Package hyperref Info: Hyper index ON on input line 4527.
Package hyperref Info: Plain pages OFF on input line 4534.
Package hyperref Info: Backreferencing OFF on input line 4539.
Package hyperref Info: Implicit mode ON; LaTeX internals redefined.
Package hyperref Info: Bookmarks ON on input line 4772.
\c@Hy@tempcnt=\count93

("C:\Users\Sanchit Kumar\AppData\Local\Programs\MiKTeX 2.9\tex/latex/url\url.st
y"
\Urlmuskip=\muskip10
Package: url 2013/09/16  ver 3.4  Verb mode for urls, etc.
)
LaTeX Info: Redefining \url on input line 5125.
\XeTeXLinkMargin=\dimen104
\Fld@menulength=\count94
\Field@Width=\dimen105
\Fld@charsize=\dimen106
Package hyperref Info: Hyper figures OFF on input line 6380.
Package hyperref Info: Link nesting OFF on input line 6385.
Package hyperref Info: Hyper index ON on input line 6388.
Package hyperref Info: backreferencing OFF on input line 6395.
Package hyperref Info: Link coloring OFF on input line 6400.
Package hyperref Info: Link coloring with OCG OFF on input line 6405.
Package hyperref Info: PDF/A mode OFF on input line 6410.
LaTeX Info: Redefining \ref on input line 6450.
LaTeX Info: Redefining \pageref on input line 6454.
\Hy@abspage=\count95
\c@Item=\count96
\c@Hfootnote=\count97
)
Package hyperref Info: Driver (autodetected): hpdftex.

("C:\Users\Sanchit Kumar\AppData\Local\Programs\MiKTeX 2.9\tex/latex/hyperref\h
pdftex.def"
File: hpdftex.def 2018/11/30 v6.88e Hyperref driver for pdfTeX
\Fld@listcount=\count98
\c@bookmark@seq@number=\count99

("C:\Users\Sanchit Kumar\AppData\Local\Programs\MiKTeX 2.9\tex/latex/oberdiek\r
erunfilecheck.sty"
Package: rerunfilecheck 2016/05/16 v1.8 Rerun checks for auxiliary files (HO)
Package uniquecounter Info: New unique counter `rerunfilecheck' on input line 2
82.
)
\Hy@SectionHShift=\skip58
)
("C:\Users\Sanchit Kumar\AppData\Local\Programs\MiKTeX 2.9\tex/latex/base\input
enc.sty"
Package: inputenc 2018/08/11 v1.3c Input encoding file
\inpenc@prehook=\toks15
\inpenc@posthook=\toks16
)
("C:\Users\Sanchit Kumar\AppData\Local\Programs\MiKTeX 2.9\tex/latex/base\textc
omp.sty"
Package: textcomp 2018/08/11 v2.0j Standard LaTeX package
Package textcomp Info: Sub-encoding information:
(textcomp)               5 = only ISO-Adobe without \textcurrency
(textcomp)               4 = 5 + \texteuro
(textcomp)               3 = 4 + \textohm
(textcomp)               2 = 3 + \textestimated + \textcurrency
(textcomp)               1 = TS1 - \textcircled - \t
(textcomp)               0 = TS1 (full)
(textcomp)             Font families with sub-encoding setting implement
(textcomp)             only a restricted character set as indicated.
(textcomp)             Family '?' is the default used for unknown fonts.
(textcomp)             See the documentation for details.
Package textcomp Info: Setting ? sub-encoding to TS1/1 on input line 79.

("C:\Users\Sanchit Kumar\AppData\Local\Programs\MiKTeX 2.9\tex/latex/base\ts1en
c.def"
File: ts1enc.def 2001/06/05 v3.0e (jk/car/fm) Standard LaTeX file
Now handling font encoding TS1 ...
... processing UTF-8 mapping file for font encoding TS1

("C:\Users\Sanchit Kumar\AppData\Local\Programs\MiKTeX 2.9\tex/latex/base\ts1en
c.dfu"
File: ts1enc.dfu 2018/10/05 v1.2f UTF-8 support for inputenc
   defining Unicode char U+00A2 (decimal 162)
   defining Unicode char U+00A3 (decimal 163)
   defining Unicode char U+00A4 (decimal 164)
   defining Unicode char U+00A5 (decimal 165)
   defining Unicode char U+00A6 (decimal 166)
   defining Unicode char U+00A7 (decimal 167)
   defining Unicode char U+00A8 (decimal 168)
   defining Unicode char U+00A9 (decimal 169)
   defining Unicode char U+00AA (decimal 170)
   defining Unicode char U+00AC (decimal 172)
   defining Unicode char U+00AE (decimal 174)
   defining Unicode char U+00AF (decimal 175)
   defining Unicode char U+00B0 (decimal 176)
   defining Unicode char U+00B1 (decimal 177)
   defining Unicode char U+00B2 (decimal 178)
   defining Unicode char U+00B3 (decimal 179)
   defining Unicode char U+00B4 (decimal 180)
   defining Unicode char U+00B5 (decimal 181)
   defining Unicode char U+00B6 (decimal 182)
   defining Unicode char U+00B7 (decimal 183)
   defining Unicode char U+00B9 (decimal 185)
   defining Unicode char U+00BA (decimal 186)
   defining Unicode char U+00BC (decimal 188)
   defining Unicode char U+00BD (decimal 189)
   defining Unicode char U+00BE (decimal 190)
   defining Unicode char U+00D7 (decimal 215)
   defining Unicode char U+00F7 (decimal 247)
   defining Unicode char U+0192 (decimal 402)
   defining Unicode char U+02C7 (decimal 711)
   defining Unicode char U+02D8 (decimal 728)
   defining Unicode char U+02DD (decimal 733)
   defining Unicode char U+0E3F (decimal 3647)
   defining Unicode char U+2016 (decimal 8214)
   defining Unicode char U+2020 (decimal 8224)
   defining Unicode char U+2021 (decimal 8225)
   defining Unicode char U+2022 (decimal 8226)
   defining Unicode char U+2030 (decimal 8240)
   defining Unicode char U+2031 (decimal 8241)
   defining Unicode char U+203B (decimal 8251)
   defining Unicode char U+203D (decimal 8253)
   defining Unicode char U+2044 (decimal 8260)
   defining Unicode char U+204E (decimal 8270)
   defining Unicode char U+2052 (decimal 8274)
   defining Unicode char U+20A1 (decimal 8353)
   defining Unicode char U+20A4 (decimal 8356)
   defining Unicode char U+20A6 (decimal 8358)
   defining Unicode char U+20A9 (decimal 8361)
   defining Unicode char U+20AB (decimal 8363)
   defining Unicode char U+20AC (decimal 8364)
   defining Unicode char U+20B1 (decimal 8369)
   defining Unicode char U+2103 (decimal 8451)
   defining Unicode char U+2116 (decimal 8470)
   defining Unicode char U+2117 (decimal 8471)
   defining Unicode char U+211E (decimal 8478)
   defining Unicode char U+2120 (decimal 8480)
   defining Unicode char U+2122 (decimal 8482)
   defining Unicode char U+2126 (decimal 8486)
   defining Unicode char U+2127 (decimal 8487)
   defining Unicode char U+212E (decimal 8494)
   defining Unicode char U+2190 (decimal 8592)
   defining Unicode char U+2191 (decimal 8593)
   defining Unicode char U+2192 (decimal 8594)
   defining Unicode char U+2193 (decimal 8595)
   defining Unicode char U+2329 (decimal 9001)
   defining Unicode char U+232A (decimal 9002)
   defining Unicode char U+2422 (decimal 9250)
   defining Unicode char U+25E6 (decimal 9702)
   defining Unicode char U+25EF (decimal 9711)
   defining Unicode char U+266A (decimal 9834)
   defining Unicode char U+FEFF (decimal 65279)
))
LaTeX Info: Redefining \oldstylenums on input line 334.
Package textcomp Info: Setting cmr sub-encoding to TS1/0 on input line 349.
Package textcomp Info: Setting cmss sub-encoding to TS1/0 on input line 350.
Package textcomp Info: Setting cmtt sub-encoding to TS1/0 on input line 351.
Package textcomp Info: Setting cmvtt sub-encoding to TS1/0 on input line 352.
Package textcomp Info: Setting cmbr sub-encoding to TS1/0 on input line 353.
Package textcomp Info: Setting cmtl sub-encoding to TS1/0 on input line 354.
Package textcomp Info: Setting ccr sub-encoding to TS1/0 on input line 355.
Package textcomp Info: Setting ptm sub-encoding to TS1/4 on input line 356.
Package textcomp Info: Setting pcr sub-encoding to TS1/4 on input line 357.
Package textcomp Info: Setting phv sub-encoding to TS1/4 on input line 358.
Package textcomp Info: Setting ppl sub-encoding to TS1/3 on input line 359.
Package textcomp Info: Setting pag sub-encoding to TS1/4 on input line 360.
Package textcomp Info: Setting pbk sub-encoding to TS1/4 on input line 361.
Package textcomp Info: Setting pnc sub-encoding to TS1/4 on input line 362.
Package textcomp Info: Setting pzc sub-encoding to TS1/4 on input line 363.
Package textcomp Info: Setting bch sub-encoding to TS1/4 on input line 364.
Package textcomp Info: Setting put sub-encoding to TS1/5 on input line 365.
Package textcomp Info: Setting uag sub-encoding to TS1/5 on input line 366.
Package textcomp Info: Setting ugq sub-encoding to TS1/5 on input line 367.
Package textcomp Info: Setting ul8 sub-encoding to TS1/4 on input line 368.
Package textcomp Info: Setting ul9 sub-encoding to TS1/4 on input line 369.
Package textcomp Info: Setting augie sub-encoding to TS1/5 on input line 370.
Package textcomp Info: Setting dayrom sub-encoding to TS1/3 on input line 371.
Package textcomp Info: Setting dayroms sub-encoding to TS1/3 on input line 372.

Package textcomp Info: Setting pxr sub-encoding to TS1/0 on input line 373.
Package textcomp Info: Setting pxss sub-encoding to TS1/0 on input line 374.
Package textcomp Info: Setting pxtt sub-encoding to TS1/0 on input line 375.
Package textcomp Info: Setting txr sub-encoding to TS1/0 on input line 376.
Package textcomp Info: Setting txss sub-encoding to TS1/0 on input line 377.
Package textcomp Info: Setting txtt sub-encoding to TS1/0 on input line 378.
Package textcomp Info: Setting lmr sub-encoding to TS1/0 on input line 379.
Package textcomp Info: Setting lmdh sub-encoding to TS1/0 on input line 380.
Package textcomp Info: Setting lmss sub-encoding to TS1/0 on input line 381.
Package textcomp Info: Setting lmssq sub-encoding to TS1/0 on input line 382.
Package textcomp Info: Setting lmvtt sub-encoding to TS1/0 on input line 383.
Package textcomp Info: Setting lmtt sub-encoding to TS1/0 on input line 384.
Package textcomp Info: Setting qhv sub-encoding to TS1/0 on input line 385.
Package textcomp Info: Setting qag sub-encoding to TS1/0 on input line 386.
Package textcomp Info: Setting qbk sub-encoding to TS1/0 on input line 387.
Package textcomp Info: Setting qcr sub-encoding to TS1/0 on input line 388.
Package textcomp Info: Setting qcs sub-encoding to TS1/0 on input line 389.
Package textcomp Info: Setting qpl sub-encoding to TS1/0 on input line 390.
Package textcomp Info: Setting qtm sub-encoding to TS1/0 on input line 391.
Package textcomp Info: Setting qzc sub-encoding to TS1/0 on input line 392.
Package textcomp Info: Setting qhvc sub-encoding to TS1/0 on input line 393.
Package textcomp Info: Setting futs sub-encoding to TS1/4 on input line 394.
Package textcomp Info: Setting futx sub-encoding to TS1/4 on input line 395.
Package textcomp Info: Setting futj sub-encoding to TS1/4 on input line 396.
Package textcomp Info: Setting hlh sub-encoding to TS1/3 on input line 397.
Package textcomp Info: Setting hls sub-encoding to TS1/3 on input line 398.
Package textcomp Info: Setting hlst sub-encoding to TS1/3 on input line 399.
Package textcomp Info: Setting hlct sub-encoding to TS1/5 on input line 400.
Package textcomp Info: Setting hlx sub-encoding to TS1/5 on input line 401.
Package textcomp Info: Setting hlce sub-encoding to TS1/5 on input line 402.
Package textcomp Info: Setting hlcn sub-encoding to TS1/5 on input line 403.
Package textcomp Info: Setting hlcw sub-encoding to TS1/5 on input line 404.
Package textcomp Info: Setting hlcf sub-encoding to TS1/5 on input line 405.
Package textcomp Info: Setting pplx sub-encoding to TS1/3 on input line 406.
Package textcomp Info: Setting pplj sub-encoding to TS1/3 on input line 407.
Package textcomp Info: Setting ptmx sub-encoding to TS1/4 on input line 408.
Package textcomp Info: Setting ptmj sub-encoding to TS1/4 on input line 409.
) (Problem_2.aux)
\openout1 = `Problem_2.aux'.

LaTeX Font Info:    Checking defaults for OML/cmm/m/it on input line 23.
LaTeX Font Info:    ... okay on input line 23.
LaTeX Font Info:    Checking defaults for T1/cmr/m/n on input line 23.
LaTeX Font Info:    ... okay on input line 23.
LaTeX Font Info:    Checking defaults for OT1/cmr/m/n on input line 23.
LaTeX Font Info:    ... okay on input line 23.
LaTeX Font Info:    Checking defaults for OMS/cmsy/m/n on input line 23.
LaTeX Font Info:    ... okay on input line 23.
LaTeX Font Info:    Checking defaults for OMX/cmex/m/n on input line 23.
LaTeX Font Info:    ... okay on input line 23.
LaTeX Font Info:    Checking defaults for U/cmr/m/n on input line 23.
LaTeX Font Info:    ... okay on input line 23.
LaTeX Font Info:    Checking defaults for PD1/pdf/m/n on input line 23.
LaTeX Font Info:    ... okay on input line 23.
LaTeX Font Info:    Checking defaults for TS1/cmr/m/n on input line 23.
LaTeX Font Info:    Try loading font information for TS1+cmr on input line 23.

("C:\Users\Sanchit Kumar\AppData\Local\Programs\MiKTeX 2.9\tex/latex/base\ts1cm
r.fd"
File: ts1cmr.fd 2014/09/29 v2.5h Standard LaTeX font definitions
)
LaTeX Font Info:    ... okay on input line 23.
\AtBeginShipoutBox=\box29
Package hyperref Info: Link coloring OFF on input line 23.

("C:\Users\Sanchit Kumar\AppData\Local\Programs\MiKTeX 2.9\tex/latex/hyperref\n
ameref.sty"
Package: nameref 2016/05/21 v2.44 Cross-referencing by name of section

("C:\Users\Sanchit Kumar\AppData\Local\Programs\MiKTeX 2.9\tex/generic/oberdiek
\gettitlestring.sty"
Package: gettitlestring 2016/05/16 v1.5 Cleanup title references (HO)
)
\c@section@level=\count100
)
LaTeX Info: Redefining \ref on input line 23.
LaTeX Info: Redefining \pageref on input line 23.
LaTeX Info: Redefining \nameref on input line 23.
 (Problem_2.out) (Problem_2.out)
\@outlinefile=\write3
\openout3 = `Problem_2.out'.

Class scrreprt Info: loading recommended package `bookmark'.
(scrreprt)           Using `bookmark' together with `hyperref' is recommended,
(scrreprt)           because of handling of possible bookmark level gaps.
(scrreprt)           You can avoid loading `bookmark' with KOMA-Script option
(scrreprt)           `bookmarkpackage=false' before \begin{document} and
(scrreprt)           you can avoid this message with `\usepackage{bookmark}'
(scrreprt)           before \begin{document} on input line 23.

("C:\Users\Sanchit Kumar\AppData\Local\Programs\MiKTeX 2.9\tex/latex/oberdiek\b
ookmark.sty"
Package: bookmark 2016/05/17 v1.26 PDF bookmarks (HO)

("C:\Users\Sanchit Kumar\AppData\Local\Programs\MiKTeX 2.9\tex/latex/oberdiek\b
km-pdftex.def"
File: bkm-pdftex.def 2016/05/17 v1.26 bookmark driver for pdfTeX (HO)
Package auxhook Info: \AddLineBeginMainAux comes a little late,
(auxhook)             because the main .aux file is already opened on input lin
e 164.
\BKM@id=\count101
)) [1

{C:/Users/Sanchit Kumar/AppData/Local/MiKTeX/2.9/pdftex/config/pdftex.map}] (Pr
oblem_2.toc
LaTeX Font Info:    External font `cmex10' loaded for size
(Font)              <12> on input line 2.
LaTeX Font Info:    External font `cmex10' loaded for size
(Font)              <8> on input line 2.
LaTeX Font Info:    External font `cmex10' loaded for size
(Font)              <6> on input line 2.
)
\tf@toc=\write4
\openout4 = `Problem_2.toc'.

 [2

]
chapter 1.
[3

]
chapter 2.
[4

]
chapter 3.

! Package inputenc Error: Unicode character ‏ (U+200F)
(inputenc)                not set up for use with LaTeX.

See the inputenc package documentation for explanation.
Type  H <return>  for immediate help.
 ...                                              
                                                  
l.129 State and Collaboration Diagrams‏
                                         
You may provide a definition with
\DeclareUnicodeCharacter 

Package atveryend Info: Empty hook `BeforeClearDocument' on input line 140.
[5

]
Package atveryend Info: Empty hook `AfterLastShipout' on input line 140.
 (Problem_2.aux)
Package atveryend Info: Executing hook `AtVeryEndDocument' on input line 140.
Package atveryend Info: Executing hook `AtEndAfterFileList' on input line 140.
Package rerunfilecheck Info: File `Problem_2.out' has not changed.
(rerunfilecheck)             Checksum: D41D8CD98F00B204E9800998ECF8427E;0.
Package atveryend Info: Empty hook `AtVeryVeryEnd' on input line 140.
 ) 
Here is how much of TeX's memory you used:
 7218 strings out of 492895
 122788 string characters out of 3119998
 332316 words of memory out of 3000000
 11090 multiletter control sequences out of 15000+200000
 8486 words of font info for 30 fonts, out of 3000000 for 9000
 1141 hyphenation exceptions out of 8191
 42i,6n,66p,9111b,334s stack positions out of 5000i,500n,10000p,200000b,50000s
<C:/Users/Sanchit Kumar/AppData/Local/Programs/MiKTeX 2.9/fonts/type1/public/
amsfonts/cm/cmbx12.pfb><C:/Users/Sanchit Kumar/AppData/Local/Programs/MiKTeX 2.
9/fonts/type1/public/amsfonts/cm/cmr12.pfb><C:/Users/Sanchit Kumar/AppData/Loca
l/Programs/MiKTeX 2.9/fonts/type1/public/amsfonts/cm/cmssbx10.pfb>
Output written on Problem_2.pdf (5 pages, 67248 bytes).
PDF statistics:
 146 PDF objects out of 1000 (max. 8388607)
 27 named destinations out of 1000 (max. 500000)
 161 words of extra memory for PDF output out of 10000 (max. 10000000)

